
2022-12-14 16:01:54: Getting a page pending for upload... 
2022-12-14 16:08:54: Getting a page pending for upload... no
2022-12-14 16:08:54: Sleeping for 5 seconds... done
2022-12-14 16:08:59: Getting a page pending for upload... no
2022-12-14 16:08:59: Sleeping for 5 seconds... 
2022-12-14 16:10:11: Getting a page pending for upload... yes
2022-12-14 16:10:11: Getting an account user with an active chrome extension... 
2022-12-14 16:11:27: Getting a page pending for upload... yes
2022-12-14 16:11:28: Getting an account user with an active chrome extension... undefined method `user' for #<BlackStack::DfyLeads::Page @values={:id=>"642dbed4-138c-4d6d-a486-8e7cdbb666b7", :create_time=>2022-12-14 16:58:41 -0300, :id_order=>"a19e58e3-058c-47ba-9f04-173b7f4a2c57", :upload_reservation_id=>nil, :upload_reservation_time=>nil, :upload_reservation_times=>nil, :upload_start_time=>nil, :upload_end_time=>nil, :upload_success=>nil, :upload_error_description=>nil, :parse_reservation_id=>nil, :parse_reservation_time=>nil, :parse_reservation_times=>nil, :parse_start_time=>nil, :parse_end_time=>nil, :parse_success=>nil, :parse_error_description=>nil, :number=>1}>

            user = page.user.online_users(1).first
                       ^^^^^
2022-12-14 16:11:28: Sleeping for 5 seconds... done
2022-12-14 16:11:33: Getting a page pending for upload... yes
2022-12-14 16:11:35: Getting an account user with an active chrome extension... undefined method `user' for #<BlackStack::DfyLeads::Page @values={:id=>"642dbed4-138c-4d6d-a486-8e7cdbb666b7", :create_time=>2022-12-14 16:58:41 -0300, :id_order=>"a19e58e3-058c-47ba-9f04-173b7f4a2c57", :upload_reservation_id=>nil, :upload_reservation_time=>nil, :upload_reservation_times=>nil, :upload_start_time=>nil, :upload_end_time=>nil, :upload_success=>nil, :upload_error_description=>nil, :parse_reservation_id=>nil, :parse_reservation_time=>nil, :parse_reservation_times=>nil, :parse_start_time=>nil, :parse_end_time=>nil, :parse_success=>nil, :parse_error_description=>nil, :number=>1}>

            user = page.user.online_users(1).first
                       ^^^^^
2022-12-14 16:11:35: Sleeping for 5 seconds... done
2022-12-14 16:11:40: Getting a page pending for upload... yes
2022-12-14 16:11:42: Getting an account user with an active chrome extension... undefined method `user' for #<BlackStack::DfyLeads::Page @values={:id=>"642dbed4-138c-4d6d-a486-8e7cdbb666b7", :create_time=>2022-12-14 16:58:41 -0300, :id_order=>"a19e58e3-058c-47ba-9f04-173b7f4a2c57", :upload_reservation_id=>nil, :upload_reservation_time=>nil, :upload_reservation_times=>nil, :upload_start_time=>nil, :upload_end_time=>nil, :upload_success=>nil, :upload_error_description=>nil, :parse_reservation_id=>nil, :parse_reservation_time=>nil, :parse_reservation_times=>nil, :parse_start_time=>nil, :parse_end_time=>nil, :parse_success=>nil, :parse_error_description=>nil, :number=>1}>

            user = page.user.online_users(1).first
                       ^^^^^
2022-12-14 16:11:42: Sleeping for 5 seconds... 
2022-12-14 16:12:20: Getting a page pending for upload... yes
2022-12-14 16:12:20: Getting an account user with an active chrome extension... undefined method `online_users' for #<BlackStack::MySaaS::User @values={:id=>"4b92c07f-70d3-47c8-9674-57e820edc8f3", :id_account=>"c976aa79-090e-459d-b8e1-4fba8ea4f770", :create_time=>2022-06-25 21:28:06 -0300, :delete_time=>nil, :email=>"leandro.sardi@expandedventure.com", :password=>"$2a$12$umrPqtt53k0ZcFRnGI.wUuCy/r15qBiYz6ESzJgqjk5TYvP7AipUW", :name=>"Leandro", :phone=>"", :verified=>nil, :linkedin_scraper_last_ping_time=>2022-12-12 17:44:42 -0300, :linkedin_scraper_last_ping_version=>"2.0", :linkedin_scraper_share=>false, :scraper_last_ping_time=>2022-12-14 18:39:29 -0300, :scraper_last_ping_version=>"1.1", :scraper_share=>true, :scraper_ppp=>0.25e-2, :scraper_stat_total_earnings=>0.0, :scraper_stat_total_payouts=>0.0, :scraper_stat_total_pages=>0, :stealth_default_seconds_between_pages=>20, :stealth_default_max_visits_per_hour=>120, :stealth_default_max_visits_per_day=>1000}>

            user = page.order.user.online_users(1).first
                                  ^^^^^^^^^^^^^
2022-12-14 16:12:24: Sleeping for 5 seconds... done
2022-12-14 16:12:29: Getting a page pending for upload... yes
2022-12-14 16:12:29: Getting an account user with an active chrome extension... undefined method `online_users' for #<BlackStack::MySaaS::User @values={:id=>"4b92c07f-70d3-47c8-9674-57e820edc8f3", :id_account=>"c976aa79-090e-459d-b8e1-4fba8ea4f770", :create_time=>2022-06-25 21:28:06 -0300, :delete_time=>nil, :email=>"leandro.sardi@expandedventure.com", :password=>"$2a$12$umrPqtt53k0ZcFRnGI.wUuCy/r15qBiYz6ESzJgqjk5TYvP7AipUW", :name=>"Leandro", :phone=>"", :verified=>nil, :linkedin_scraper_last_ping_time=>2022-12-12 17:44:42 -0300, :linkedin_scraper_last_ping_version=>"2.0", :linkedin_scraper_share=>false, :scraper_last_ping_time=>2022-12-14 18:39:29 -0300, :scraper_last_ping_version=>"1.1", :scraper_share=>true, :scraper_ppp=>0.25e-2, :scraper_stat_total_earnings=>0.0, :scraper_stat_total_payouts=>0.0, :scraper_stat_total_pages=>0, :stealth_default_seconds_between_pages=>20, :stealth_default_max_visits_per_hour=>120, :stealth_default_max_visits_per_day=>1000}>

            user = page.order.user.online_users(1).first
                                  ^^^^^^^^^^^^^
2022-12-14 16:12:31: Sleeping for 5 seconds... 
2022-12-14 16:13:35: Getting a page pending for upload... yes
2022-12-14 16:13:36: Getting an account user with an active chrome extension... no
2022-12-14 16:13:38: Getting a public user with an active chrome extension who is sharing its chrome extension... no
2022-12-14 16:13:38: Sleeping for 5 seconds... done
2022-12-14 16:13:43: Getting a page pending for upload... yes
2022-12-14 16:13:44: Getting an account user with an active chrome extension... no
2022-12-14 16:13:48: Getting a public user with an active chrome extension who is sharing its chrome extension... no
2022-12-14 16:13:49: Sleeping for 5 seconds... 
2022-12-14 16:14:36: Getting pending page... yes
2022-12-14 16:14:36: Getting account user... no
2022-12-14 16:14:38: Getting public user... no
2022-12-14 16:14:39: Sleeping for 5 seconds... done
2022-12-14 16:14:44: Getting pending page... yes
2022-12-14 16:14:44: Getting account user... no
2022-12-14 16:14:46: Getting public user... no
2022-12-14 16:14:47: Sleeping for 5 seconds... done
2022-12-14 16:14:52: Getting pending page... yes
2022-12-14 16:14:52: Getting account user... no
2022-12-14 16:14:54: Getting public user... no
2022-12-14 16:14:55: Sleeping for 5 seconds... done
2022-12-14 16:15:00: Getting pending page... yes
2022-12-14 16:15:00: Getting account user... no
2022-12-14 16:15:03: Getting public user... no
2022-12-14 16:15:03: Sleeping for 5 seconds... done
2022-12-14 16:15:08: Getting pending page... yes
2022-12-14 16:15:08: Getting account user... no
2022-12-14 16:15:10: Getting public user... no
2022-12-14 16:15:11: Sleeping for 5 seconds... done
2022-12-14 16:15:16: Getting pending page... yes
2022-12-14 16:15:16: Getting account user... no
2022-12-14 16:15:18: Getting public user... no
2022-12-14 16:15:19: Sleeping for 5 seconds... 
2022-12-14 16:16:53: Getting pending page... yes
2022-12-14 16:16:53: Getting account user... no
2022-12-14 16:16:57: Getting public user... no
2022-12-14 16:16:57: Sleeping for 5 seconds... done
2022-12-14 16:17:02: 
2022-12-14 16:17:02: Getting pending page... yes
2022-12-14 16:17:03: Getting account user... no
2022-12-14 16:17:05: Getting public user... no
2022-12-14 16:17:05: Sleeping for 5 seconds... done
2022-12-14 16:17:10: 
2022-12-14 16:17:10: Getting pending page... yes
2022-12-14 16:17:11: Getting account user... no
2022-12-14 16:17:13: Getting public user... no
2022-12-14 16:17:13: Sleeping for 5 seconds... done
2022-12-14 16:17:18: 
2022-12-14 16:17:18: Getting pending page... yes
2022-12-14 16:17:19: Getting account user... no
2022-12-14 16:17:21: Getting public user... no
2022-12-14 16:17:21: Sleeping for 5 seconds... done
2022-12-14 16:17:26: 
2022-12-14 16:17:26: Getting pending page... yes
2022-12-14 16:17:27: Getting account user... no
2022-12-14 16:17:29: Getting public user... no
2022-12-14 16:17:29: Sleeping for 5 seconds... done
2022-12-14 16:17:34: 
2022-12-14 16:17:34: Getting pending page... yes
2022-12-14 16:17:35: Getting account user... no
2022-12-14 16:17:38: Getting public user... no
2022-12-14 16:17:39: Sleeping for 5 seconds... done
2022-12-14 16:17:44: 
2022-12-14 16:17:44: Getting pending page... yes
2022-12-14 16:17:44: Getting account user... no
2022-12-14 16:17:47: Getting public user... no
2022-12-14 16:17:47: Sleeping for 5 seconds... done
2022-12-14 16:17:52: 
2022-12-14 16:17:52: Getting pending page... yes
2022-12-14 16:17:52: Getting account user... no
2022-12-14 16:17:55: Getting public user... no
2022-12-14 16:17:55: Sleeping for 5 seconds... done
2022-12-14 16:18:00: 
2022-12-14 16:18:00: Getting pending page... yes
2022-12-14 16:18:00: Getting account user... no
2022-12-14 16:18:03: Getting public user... no
2022-12-14 16:18:03: Sleeping for 5 seconds... done
2022-12-14 16:18:08: 
2022-12-14 16:18:08: Getting pending page... yes
2022-12-14 16:18:08: Getting account user... no
2022-12-14 16:18:13: Getting public user... no
2022-12-14 16:18:13: Sleeping for 5 seconds... done
2022-12-14 16:18:18: 
2022-12-14 16:18:18: Getting pending page... yes
2022-12-14 16:18:19: Getting account user... no
2022-12-14 16:18:23: Getting public user... no
2022-12-14 16:18:24: Sleeping for 5 seconds... done
2022-12-14 16:18:29: 
2022-12-14 16:18:29: Getting pending page... yes
2022-12-14 16:18:30: Getting account user... no
2022-12-14 16:18:34: Getting public user... no
2022-12-14 16:18:35: Sleeping for 5 seconds... done
2022-12-14 16:18:40: 
2022-12-14 16:18:40: Getting pending page... yes
2022-12-14 16:18:40: Getting account user... no
2022-12-14 16:18:43: Getting public user... no
2022-12-14 16:18:43: Sleeping for 5 seconds... done
2022-12-14 16:18:48: 
2022-12-14 16:18:48: Getting pending page... yes
2022-12-14 16:18:48: Getting account user... no
2022-12-14 16:18:53: Getting public user... no
2022-12-14 16:18:53: Sleeping for 5 seconds... done
2022-12-14 16:18:58: 
2022-12-14 16:18:58: Getting pending page... yes
2022-12-14 16:18:59: Getting account user... no
2022-12-14 16:19:01: Getting public user... no
2022-12-14 16:19:01: Sleeping for 5 seconds... done
2022-12-14 16:19:06: 
2022-12-14 16:19:06: Getting pending page... yes
2022-12-14 16:19:07: Getting account user... no
2022-12-14 16:19:09: Getting public user... no
2022-12-14 16:19:09: Sleeping for 5 seconds... done
2022-12-14 16:19:14: 
2022-12-14 16:19:14: Getting pending page... yes
2022-12-14 16:19:15: Getting account user... no
2022-12-14 16:19:17: Getting public user... no
2022-12-14 16:19:17: Sleeping for 5 seconds... done
2022-12-14 16:19:22: 
2022-12-14 16:19:22: Getting pending page... yes
2022-12-14 16:19:23: Getting account user... no
2022-12-14 16:19:25: Getting public user... no
2022-12-14 16:19:25: Sleeping for 5 seconds... done
2022-12-14 16:19:30: 
2022-12-14 16:19:30: Getting pending page... yes
2022-12-14 16:19:31: Getting account user... no
2022-12-14 16:19:34: Getting public user... no
2022-12-14 16:19:34: Sleeping for 5 seconds... done
2022-12-14 16:19:39: 
2022-12-14 16:19:39: Getting pending page... yes
2022-12-14 16:19:40: Getting account user... no
2022-12-14 16:19:43: Getting public user... no
2022-12-14 16:19:44: Sleeping for 5 seconds... done
2022-12-14 16:19:49: 
2022-12-14 16:19:49: Getting pending page... yes
2022-12-14 16:19:49: Getting account user... no
2022-12-14 16:19:52: Getting public user... no
2022-12-14 16:19:52: Sleeping for 5 seconds... done
2022-12-14 16:19:57: 
2022-12-14 16:19:57: Getting pending page... yes
2022-12-14 16:19:57: Getting account user... no
2022-12-14 16:20:00: Getting public user... no
2022-12-14 16:20:00: Sleeping for 5 seconds... done
2022-12-14 16:20:05: 
2022-12-14 16:20:05: Getting pending page... yes
2022-12-14 16:20:05: Getting account user... no
2022-12-14 16:20:09: Getting public user... no
2022-12-14 16:20:09: Sleeping for 5 seconds... done
2022-12-14 16:20:14: 
2022-12-14 16:20:14: Getting pending page... yes
2022-12-14 16:20:15: Getting account user... yes
2022-12-14 16:20:17: Assigning page to user... done
2022-12-14 16:20:17: Sleeping for 5 seconds... done
2022-12-14 16:20:22: 
2022-12-14 16:20:22: Getting pending page... yes
2022-12-14 16:20:25: Getting account user... yes
2022-12-14 16:20:28: Assigning page to user... done
2022-12-14 16:20:28: Sleeping for 5 seconds... done
2022-12-14 16:20:33: 
2022-12-14 16:20:33: Getting pending page... yes
2022-12-14 16:20:36: Getting account user... yes
2022-12-14 16:20:40: Assigning page to user... done
2022-12-14 16:20:40: Sleeping for 5 seconds... done
2022-12-14 16:20:45: 
2022-12-14 16:20:45: Getting pending page... yes
2022-12-14 16:20:47: Getting account user... yes
2022-12-14 16:20:49: Assigning page to user... done
2022-12-14 16:20:49: Sleeping for 5 seconds... done
2022-12-14 16:20:54: 
2022-12-14 16:20:54: Getting pending page... yes
2022-12-14 16:20:57: Getting account user... yes
2022-12-14 16:21:00: Assigning page to user... done
2022-12-14 16:21:00: Sleeping for 5 seconds... done
2022-12-14 16:21:05: 
2022-12-14 16:21:05: Getting pending page... yes
2022-12-14 16:21:07: Getting account user... yes
2022-12-14 16:21:09: Assigning page to user... done
2022-12-14 16:21:09: Sleeping for 5 seconds... done
2022-12-14 16:21:14: 
2022-12-14 16:21:14: Getting pending page... yes
2022-12-14 16:21:17: Getting account user... 
2022-12-14 16:23:35: Getting pending page... yes
2022-12-14 16:23:35: Getting account user... yes
2022-12-14 16:23:38: Assigning page to user... done
2022-12-14 16:23:41: Sleeping for 5 seconds... done
2022-12-14 16:23:46: 
2022-12-14 16:23:46: Getting pending page... yes
2022-12-14 16:23:46: Getting account user... yes
2022-12-14 16:23:49: Assigning page to user... 
2022-12-14 16:24:13: Getting pending page... yes
2022-12-14 16:24:13: Getting account user... yes
2022-12-14 16:24:17: Assigning page to user... done
2022-12-14 16:24:21: Sleeping for 5 seconds... done
2022-12-14 16:24:26: 
2022-12-14 16:24:26: Getting pending page... yes
2022-12-14 16:24:26: Getting account user... yes
2022-12-14 16:24:30: Assigning page to user... done
2022-12-14 16:24:33: Sleeping for 5 seconds... done
2022-12-14 16:24:38: 
2022-12-14 16:24:38: Getting pending page... yes
2022-12-14 16:24:39: Getting account user... yes
2022-12-14 16:24:43: Assigning page to user... done
2022-12-14 16:24:46: Sleeping for 5 seconds... done
2022-12-14 16:24:51: 
2022-12-14 16:24:51: Getting pending page... yes
2022-12-14 16:24:52: Getting account user... yes
2022-12-14 16:24:54: Assigning page to user... done
2022-12-14 16:25:00: Sleeping for 5 seconds... done
2022-12-14 16:25:05: 
2022-12-14 16:25:05: Getting pending page... no
2022-12-14 16:25:05: Sleeping for 5 seconds... done
2022-12-14 16:25:10: 
2022-12-14 16:25:10: Getting pending page... no
2022-12-14 16:25:10: Sleeping for 5 seconds... done
2022-12-14 16:25:15: 
2022-12-14 16:25:15: Getting pending page... no
2022-12-14 16:25:16: Sleeping for 5 seconds... done
2022-12-14 16:25:21: 
2022-12-14 16:25:21: Getting pending page... no
2022-12-14 16:25:21: Sleeping for 5 seconds... done
2022-12-14 16:25:26: 
2022-12-14 16:25:26: Getting pending page... no
2022-12-14 16:25:26: Sleeping for 5 seconds... done
2022-12-14 16:25:31: 
2022-12-14 16:25:31: Getting pending page... no
2022-12-14 16:25:32: Sleeping for 5 seconds... done
2022-12-14 16:25:37: 
2022-12-14 16:25:37: Getting pending page... no
2022-12-14 16:25:37: Sleeping for 5 seconds... done
2022-12-14 16:25:42: 
2022-12-14 16:25:42: Getting pending page... no
2022-12-14 16:25:42: Sleeping for 5 seconds... done
2022-12-14 16:25:47: 
2022-12-14 16:25:47: Getting pending page... no
2022-12-14 16:25:47: Sleeping for 5 seconds... done
2022-12-14 16:25:52: 
2022-12-14 16:25:52: Getting pending page... no
2022-12-14 16:25:53: Sleeping for 5 seconds... done
2022-12-14 16:25:58: 
2022-12-14 16:25:58: Getting pending page... no
2022-12-14 16:25:58: Sleeping for 5 seconds... done
2022-12-14 16:26:03: 
2022-12-14 16:26:03: Getting pending page... no
2022-12-14 16:26:03: Sleeping for 5 seconds... done
2022-12-14 16:26:08: 
2022-12-14 16:26:08: Getting pending page... no
2022-12-14 16:26:09: Sleeping for 5 seconds... done
2022-12-14 16:26:14: 
2022-12-14 16:26:14: Getting pending page... no
2022-12-14 16:26:14: Sleeping for 5 seconds... done
2022-12-14 16:26:19: 
2022-12-14 16:26:19: Getting pending page... no
2022-12-14 16:26:19: Sleeping for 5 seconds... done
2022-12-14 16:26:24: 
2022-12-14 16:26:24: Getting pending page... no
2022-12-14 16:26:24: Sleeping for 5 seconds... done
2022-12-14 16:26:29: 
2022-12-14 16:26:29: Getting pending page... no
2022-12-14 16:26:30: Sleeping for 5 seconds... done
2022-12-14 16:26:35: 
2022-12-14 16:26:35: Getting pending page... no
2022-12-14 16:26:35: Sleeping for 5 seconds... done
2022-12-14 16:26:40: 
2022-12-14 16:26:40: Getting pending page... no
2022-12-14 16:26:40: Sleeping for 5 seconds... done
2022-12-14 16:26:45: 
2022-12-14 16:26:45: Getting pending page... no
2022-12-14 16:26:45: Sleeping for 5 seconds... done
2022-12-14 16:26:50: 
2022-12-14 16:26:50: Getting pending page... no
2022-12-14 16:26:51: Sleeping for 5 seconds... done
2022-12-14 16:26:56: 
2022-12-14 16:26:56: Getting pending page... no
2022-12-14 16:26:56: Sleeping for 5 seconds... done
2022-12-14 16:27:01: 
2022-12-14 16:27:01: Getting pending page... no
2022-12-14 16:27:01: Sleeping for 5 seconds... done
2022-12-14 16:27:06: 
2022-12-14 16:27:06: Getting pending page... no
2022-12-14 16:27:06: Sleeping for 5 seconds... done
2022-12-14 16:27:11: 
2022-12-14 16:27:11: Getting pending page... no
2022-12-14 16:27:12: Sleeping for 5 seconds... done
2022-12-14 16:27:17: 
2022-12-14 16:27:17: Getting pending page... no
2022-12-14 16:27:17: Sleeping for 5 seconds... done
2022-12-14 16:27:22: 
2022-12-14 16:27:22: Getting pending page... no
2022-12-14 16:27:22: Sleeping for 5 seconds... done
2022-12-14 16:27:27: 
2022-12-14 16:27:27: Getting pending page... no
2022-12-14 16:27:27: Sleeping for 5 seconds... done
2022-12-14 16:27:32: 
2022-12-14 16:27:32: Getting pending page... no
2022-12-14 16:27:32: Sleeping for 5 seconds... done
2022-12-14 16:27:37: 
2022-12-14 16:27:37: Getting pending page... no
2022-12-14 16:27:38: Sleeping for 5 seconds... done
2022-12-14 16:27:43: 
2022-12-14 16:27:43: Getting pending page... no
2022-12-14 16:27:43: Sleeping for 5 seconds... done
2022-12-14 16:27:48: 
2022-12-14 16:27:48: Getting pending page... no
2022-12-14 16:27:48: Sleeping for 5 seconds... done
2022-12-14 16:27:53: 
2022-12-14 16:27:53: Getting pending page... no
2022-12-14 16:27:53: Sleeping for 5 seconds... done
2022-12-14 16:27:58: 
2022-12-14 16:27:58: Getting pending page... no
2022-12-14 16:27:58: Sleeping for 5 seconds... done
2022-12-14 16:28:03: 
2022-12-14 16:28:03: Getting pending page... no
2022-12-14 16:28:04: Sleeping for 5 seconds... done
2022-12-14 16:28:09: 
2022-12-14 16:28:09: Getting pending page... no
2022-12-14 16:28:09: Sleeping for 5 seconds... done
2022-12-14 16:28:14: 
2022-12-14 16:28:14: Getting pending page... no
2022-12-14 16:28:14: Sleeping for 5 seconds... done
2022-12-14 16:28:19: 
2022-12-14 16:28:19: Getting pending page... no
2022-12-14 16:28:19: Sleeping for 5 seconds... done
2022-12-14 16:28:24: 
2022-12-14 16:28:24: Getting pending page... no
2022-12-14 16:28:24: Sleeping for 5 seconds... done
2022-12-14 16:28:29: 
2022-12-14 16:28:29: Getting pending page... no
2022-12-14 16:28:29: Sleeping for 5 seconds... done
2022-12-14 16:28:34: 
2022-12-14 16:28:34: Getting pending page... no
2022-12-14 16:28:35: Sleeping for 5 seconds... done
2022-12-14 16:28:40: 
2022-12-14 16:28:40: Getting pending page... no
2022-12-14 16:28:40: Sleeping for 5 seconds... done
2022-12-14 16:28:45: 
2022-12-14 16:28:45: Getting pending page... no
2022-12-14 16:28:45: Sleeping for 5 seconds... done
2022-12-14 16:28:50: 
2022-12-14 16:28:50: Getting pending page... no
2022-12-14 16:28:50: Sleeping for 5 seconds... done
2022-12-14 16:28:55: 
2022-12-14 16:28:55: Getting pending page... no
2022-12-14 16:28:55: Sleeping for 5 seconds... done
2022-12-14 16:29:00: 
2022-12-14 16:29:00: Getting pending page... no
2022-12-14 16:29:00: Sleeping for 5 seconds... done
2022-12-14 16:29:05: 
2022-12-14 16:29:05: Getting pending page... no
2022-12-14 16:29:06: Sleeping for 5 seconds... done
2022-12-14 16:29:11: 
2022-12-14 16:29:11: Getting pending page... no
2022-12-14 16:29:11: Sleeping for 5 seconds... done
2022-12-14 16:29:16: 
2022-12-14 16:29:16: Getting pending page... no
2022-12-14 16:29:16: Sleeping for 5 seconds... done
2022-12-14 16:29:21: 
2022-12-14 16:29:21: Getting pending page... no
2022-12-14 16:29:21: Sleeping for 5 seconds... done
2022-12-14 16:29:26: 
2022-12-14 16:29:26: Getting pending page... no
2022-12-14 16:29:26: Sleeping for 5 seconds... done
2022-12-14 16:29:31: 
2022-12-14 16:29:31: Getting pending page... no
2022-12-14 16:29:32: Sleeping for 5 seconds... done
2022-12-14 16:29:37: 
2022-12-14 16:29:37: Getting pending page... no
2022-12-14 16:29:37: Sleeping for 5 seconds... done
2022-12-14 16:29:42: 
2022-12-14 16:29:42: Getting pending page... no
2022-12-14 16:29:42: Sleeping for 5 seconds... done
2022-12-14 16:29:47: 
2022-12-14 16:29:47: Getting pending page... no
2022-12-14 16:29:47: Sleeping for 5 seconds... done
2022-12-14 16:29:52: 
2022-12-14 16:29:52: Getting pending page... no
2022-12-14 16:29:52: Sleeping for 5 seconds... done
2022-12-14 16:29:57: 
2022-12-14 16:29:57: Getting pending page... no
2022-12-14 16:29:57: Sleeping for 5 seconds... done
2022-12-14 16:30:02: 
2022-12-14 16:30:02: Getting pending page... no
2022-12-14 16:30:03: Sleeping for 5 seconds... done
2022-12-14 16:30:08: 
2022-12-14 16:30:08: Getting pending page... no
2022-12-14 16:30:08: Sleeping for 5 seconds... done
2022-12-14 16:30:13: 
2022-12-14 16:30:13: Getting pending page... no
2022-12-14 16:30:13: Sleeping for 5 seconds... done
2022-12-14 16:30:18: 
2022-12-14 16:30:18: Getting pending page... no
2022-12-14 16:30:18: Sleeping for 5 seconds... done
2022-12-14 16:30:23: 
2022-12-14 16:30:23: Getting pending page... no
2022-12-14 16:30:23: Sleeping for 5 seconds... done
2022-12-14 16:30:28: 
2022-12-14 16:30:28: Getting pending page... no
2022-12-14 16:30:28: Sleeping for 5 seconds... done
2022-12-14 16:30:33: 
2022-12-14 16:30:33: Getting pending page... no
2022-12-14 16:30:34: Sleeping for 5 seconds... done
2022-12-14 16:30:39: 
2022-12-14 16:30:39: Getting pending page... no
2022-12-14 16:30:39: Sleeping for 5 seconds... done
2022-12-14 16:30:44: 
2022-12-14 16:30:44: Getting pending page... no
2022-12-14 16:30:44: Sleeping for 5 seconds... done
2022-12-14 16:30:49: 
2022-12-14 16:30:49: Getting pending page... no
2022-12-14 16:30:49: Sleeping for 5 seconds... done
2022-12-14 16:30:54: 
2022-12-14 16:30:54: Getting pending page... no
2022-12-14 16:30:54: Sleeping for 5 seconds... done
2022-12-14 16:30:59: 
2022-12-14 16:30:59: Getting pending page... no
2022-12-14 16:30:59: Sleeping for 5 seconds... done
2022-12-14 16:31:04: 
2022-12-14 16:31:04: Getting pending page... no
2022-12-14 16:31:05: Sleeping for 5 seconds... done
2022-12-14 16:31:10: 
2022-12-14 16:31:10: Getting pending page... no
2022-12-14 16:31:10: Sleeping for 5 seconds... done
2022-12-14 16:31:15: 
2022-12-14 16:31:15: Getting pending page... no
2022-12-14 16:31:15: Sleeping for 5 seconds... done
2022-12-14 16:31:20: 
2022-12-14 16:31:20: Getting pending page... no
2022-12-14 16:31:20: Sleeping for 5 seconds... done
2022-12-14 16:31:25: 
2022-12-14 16:31:25: Getting pending page... no
2022-12-14 16:31:25: Sleeping for 5 seconds... done
2022-12-14 16:31:30: 
2022-12-14 16:31:30: Getting pending page... no
2022-12-14 16:31:30: Sleeping for 5 seconds... done
2022-12-14 16:31:35: 
2022-12-14 16:31:35: Getting pending page... no
2022-12-14 16:31:36: Sleeping for 5 seconds... done
2022-12-14 16:31:41: 
2022-12-14 16:31:41: Getting pending page... no
2022-12-14 16:31:41: Sleeping for 5 seconds... done
2022-12-14 16:31:46: 
2022-12-14 16:31:46: Getting pending page... no
2022-12-14 16:31:46: Sleeping for 5 seconds... done
2022-12-14 16:31:51: 
2022-12-14 16:31:51: Getting pending page... no
2022-12-14 16:31:51: Sleeping for 5 seconds... done
2022-12-14 16:31:56: 
2022-12-14 16:31:56: Getting pending page... no
2022-12-14 16:31:56: Sleeping for 5 seconds... done
2022-12-14 16:32:01: 
2022-12-14 16:32:01: Getting pending page... no
2022-12-14 16:32:02: Sleeping for 5 seconds... done
2022-12-14 16:32:07: 
2022-12-14 16:32:07: Getting pending page... no
2022-12-14 16:32:07: Sleeping for 5 seconds... done
2022-12-14 16:32:12: 
2022-12-14 16:32:12: Getting pending page... no
2022-12-14 16:32:12: Sleeping for 5 seconds... done
2022-12-14 16:32:17: 
2022-12-14 16:32:17: Getting pending page... no
2022-12-14 16:32:17: Sleeping for 5 seconds... done
2022-12-14 16:32:22: 
2022-12-14 16:32:22: Getting pending page... no
2022-12-14 16:32:22: Sleeping for 5 seconds... done
2022-12-14 16:32:27: 
2022-12-14 16:32:27: Getting pending page... no
2022-12-14 16:32:27: Sleeping for 5 seconds... done
2022-12-14 16:32:32: 
2022-12-14 16:32:32: Getting pending page... no
2022-12-14 16:32:33: Sleeping for 5 seconds... done
2022-12-14 16:32:38: 
2022-12-14 16:32:38: Getting pending page... no
2022-12-14 16:32:38: Sleeping for 5 seconds... done
2022-12-14 16:32:43: 
2022-12-14 16:32:43: Getting pending page... no
2022-12-14 16:32:43: Sleeping for 5 seconds... done
2022-12-14 16:32:48: 
2022-12-14 16:32:48: Getting pending page... no
2022-12-14 16:32:48: Sleeping for 5 seconds... done
2022-12-14 16:32:53: 
2022-12-14 16:32:53: Getting pending page... no
2022-12-14 16:32:53: Sleeping for 5 seconds... done
2022-12-14 16:32:58: 
2022-12-14 16:32:58: Getting pending page... no
2022-12-14 16:32:58: Sleeping for 5 seconds... done
2022-12-14 16:33:03: 
2022-12-14 16:33:03: Getting pending page... no
2022-12-14 16:33:04: Sleeping for 5 seconds... done
2022-12-14 16:33:09: 
2022-12-14 16:33:09: Getting pending page... no
2022-12-14 16:33:09: Sleeping for 5 seconds... done
2022-12-14 16:33:14: 
2022-12-14 16:33:14: Getting pending page... no
2022-12-14 16:33:14: Sleeping for 5 seconds... done
2022-12-14 16:33:19: 
2022-12-14 16:33:19: Getting pending page... no
2022-12-14 16:33:19: Sleeping for 5 seconds... done
2022-12-14 16:33:24: 
2022-12-14 16:33:24: Getting pending page... no
2022-12-14 16:33:24: Sleeping for 5 seconds... done
2022-12-14 16:33:29: 
2022-12-14 16:33:29: Getting pending page... no
2022-12-14 16:33:29: Sleeping for 5 seconds... done
2022-12-14 16:33:34: 
2022-12-14 16:33:34: Getting pending page... no
2022-12-14 16:33:35: Sleeping for 5 seconds... done
2022-12-14 16:33:40: 
2022-12-14 16:33:40: Getting pending page... no
2022-12-14 16:33:40: Sleeping for 5 seconds... done
2022-12-14 16:33:45: 
2022-12-14 16:33:45: Getting pending page... no
2022-12-14 16:33:45: Sleeping for 5 seconds... done
2022-12-14 16:33:50: 
2022-12-14 16:33:50: Getting pending page... no
2022-12-14 16:33:50: Sleeping for 5 seconds... done
2022-12-14 16:33:55: 
2022-12-14 16:33:55: Getting pending page... no
2022-12-14 16:33:55: Sleeping for 5 seconds... done
2022-12-14 16:34:00: 
2022-12-14 16:34:00: Getting pending page... no
2022-12-14 16:34:00: Sleeping for 5 seconds... done
2022-12-14 16:34:05: 
2022-12-14 16:34:05: Getting pending page... no
2022-12-14 16:34:06: Sleeping for 5 seconds... done
2022-12-14 16:34:11: 
2022-12-14 16:34:11: Getting pending page... no
2022-12-14 16:34:11: Sleeping for 5 seconds... done
2022-12-14 16:34:16: 
2022-12-14 16:34:16: Getting pending page... no
2022-12-14 16:34:16: Sleeping for 5 seconds... done
2022-12-14 16:34:21: 
2022-12-14 16:34:21: Getting pending page... no
2022-12-14 16:34:21: Sleeping for 5 seconds... done
2022-12-14 16:34:26: 
2022-12-14 16:34:26: Getting pending page... no
2022-12-14 16:34:26: Sleeping for 5 seconds... done
2022-12-14 16:34:31: 
2022-12-14 16:34:31: Getting pending page... no
2022-12-14 16:34:32: Sleeping for 5 seconds... done
2022-12-14 16:34:37: 
2022-12-14 16:34:37: Getting pending page... no
2022-12-14 16:34:37: Sleeping for 5 seconds... done
2022-12-14 16:34:42: 
2022-12-14 16:34:42: Getting pending page... no
2022-12-14 16:34:42: Sleeping for 5 seconds... done
2022-12-14 16:34:47: 
2022-12-14 16:34:47: Getting pending page... no
2022-12-14 16:34:47: Sleeping for 5 seconds... done
2022-12-14 16:34:52: 
2022-12-14 16:34:52: Getting pending page... no
2022-12-14 16:34:52: Sleeping for 5 seconds... done
2022-12-14 16:34:57: 
2022-12-14 16:34:57: Getting pending page... no
2022-12-14 16:34:57: Sleeping for 5 seconds... done
2022-12-14 16:35:02: 
2022-12-14 16:35:02: Getting pending page... no
2022-12-14 16:35:03: Sleeping for 5 seconds... done
2022-12-14 16:35:08: 
2022-12-14 16:35:08: Getting pending page... no
2022-12-14 16:35:08: Sleeping for 5 seconds... done
2022-12-14 16:35:13: 
2022-12-14 16:35:13: Getting pending page... no
2022-12-14 16:35:13: Sleeping for 5 seconds... done
2022-12-14 16:35:18: 
2022-12-14 16:35:18: Getting pending page... no
2022-12-14 16:35:18: Sleeping for 5 seconds... done
2022-12-14 16:35:23: 
2022-12-14 16:35:23: Getting pending page... no
2022-12-14 16:35:23: Sleeping for 5 seconds... done
2022-12-14 16:35:28: 
2022-12-14 16:35:28: Getting pending page... no
2022-12-14 16:35:28: Sleeping for 5 seconds... done
2022-12-14 16:35:33: 
2022-12-14 16:35:33: Getting pending page... no
2022-12-14 16:35:34: Sleeping for 5 seconds... done
2022-12-14 16:35:39: 
2022-12-14 16:35:39: Getting pending page... no
2022-12-14 16:35:39: Sleeping for 5 seconds... done
2022-12-14 16:35:44: 
2022-12-14 16:35:44: Getting pending page... no
2022-12-14 16:35:44: Sleeping for 5 seconds... done
2022-12-14 16:35:49: 
2022-12-14 16:35:49: Getting pending page... no
2022-12-14 16:35:49: Sleeping for 5 seconds... done
2022-12-14 16:35:54: 
2022-12-14 16:35:54: Getting pending page... no
2022-12-14 16:35:54: Sleeping for 5 seconds... done
2022-12-14 16:35:59: 
2022-12-14 16:35:59: Getting pending page... no
2022-12-14 16:35:59: Sleeping for 5 seconds... done
2022-12-14 16:36:04: 
2022-12-14 16:36:04: Getting pending page... no
2022-12-14 16:36:05: Sleeping for 5 seconds... done
2022-12-14 16:36:10: 
2022-12-14 16:36:10: Getting pending page... no
2022-12-14 16:36:10: Sleeping for 5 seconds... done
2022-12-14 16:36:15: 
2022-12-14 16:36:15: Getting pending page... no
2022-12-14 16:36:15: Sleeping for 5 seconds... done
2022-12-14 16:36:20: 
2022-12-14 16:36:20: Getting pending page... no
2022-12-14 16:36:20: Sleeping for 5 seconds... done
2022-12-14 16:36:25: 
2022-12-14 16:36:25: Getting pending page... no
2022-12-14 16:36:25: Sleeping for 5 seconds... done
2022-12-14 16:36:30: 
2022-12-14 16:36:30: Getting pending page... no
2022-12-14 16:36:30: Sleeping for 5 seconds... done
2022-12-14 16:36:35: 
2022-12-14 16:36:35: Getting pending page... no
2022-12-14 16:36:36: Sleeping for 5 seconds... done
2022-12-14 16:36:41: 
2022-12-14 16:36:41: Getting pending page... no
2022-12-14 16:36:41: Sleeping for 5 seconds... done
2022-12-14 16:36:46: 
2022-12-14 16:36:46: Getting pending page... no
2022-12-14 16:36:46: Sleeping for 5 seconds... done
2022-12-14 16:36:51: 
2022-12-14 16:36:51: Getting pending page... no
2022-12-14 16:36:51: Sleeping for 5 seconds... done
2022-12-14 16:36:56: 
2022-12-14 16:36:56: Getting pending page... no
2022-12-14 16:36:56: Sleeping for 5 seconds... done
2022-12-14 16:37:01: 
2022-12-14 16:37:01: Getting pending page... no
2022-12-14 16:37:02: Sleeping for 5 seconds... done
2022-12-14 16:37:07: 
2022-12-14 16:37:07: Getting pending page... no
2022-12-14 16:37:07: Sleeping for 5 seconds... done
2022-12-14 16:37:12: 
2022-12-14 16:37:12: Getting pending page... no
2022-12-14 16:37:12: Sleeping for 5 seconds... done
2022-12-14 16:37:17: 
2022-12-14 16:37:17: Getting pending page... no
2022-12-14 16:37:17: Sleeping for 5 seconds... done
2022-12-14 16:37:22: 
2022-12-14 16:37:22: Getting pending page... no
2022-12-14 16:37:22: Sleeping for 5 seconds... done
2022-12-14 16:37:27: 
2022-12-14 16:37:27: Getting pending page... no
2022-12-14 16:37:27: Sleeping for 5 seconds... done
2022-12-14 16:37:32: 
2022-12-14 16:37:32: Getting pending page... no
2022-12-14 16:37:33: Sleeping for 5 seconds... done
2022-12-14 16:37:38: 
2022-12-14 16:37:38: Getting pending page... no
2022-12-14 16:37:38: Sleeping for 5 seconds... done
2022-12-14 16:37:43: 
2022-12-14 16:37:43: Getting pending page... no
2022-12-14 16:37:43: Sleeping for 5 seconds... done
2022-12-14 16:37:48: 
2022-12-14 16:37:48: Getting pending page... no
2022-12-14 16:37:48: Sleeping for 5 seconds... done
2022-12-14 16:37:53: 
2022-12-14 16:37:53: Getting pending page... no
2022-12-14 16:37:53: Sleeping for 5 seconds... done
2022-12-14 16:37:58: 
2022-12-14 16:37:58: Getting pending page... no
2022-12-14 16:37:58: Sleeping for 5 seconds... done
2022-12-14 16:38:03: 
2022-12-14 16:38:03: Getting pending page... no
2022-12-14 16:38:04: Sleeping for 5 seconds... done
2022-12-14 16:38:09: 
2022-12-14 16:38:09: Getting pending page... no
2022-12-14 16:38:09: Sleeping for 5 seconds... done
2022-12-14 16:38:14: 
2022-12-14 16:38:14: Getting pending page... no
2022-12-14 16:38:14: Sleeping for 5 seconds... done
2022-12-14 16:38:19: 
2022-12-14 16:38:19: Getting pending page... no
2022-12-14 16:38:19: Sleeping for 5 seconds... done
2022-12-14 16:38:24: 
2022-12-14 16:38:24: Getting pending page... no
2022-12-14 16:38:24: Sleeping for 5 seconds... done
2022-12-14 16:38:29: 
2022-12-14 16:38:29: Getting pending page... no
2022-12-14 16:38:29: Sleeping for 5 seconds... done
2022-12-14 16:38:34: 
2022-12-14 16:38:34: Getting pending page... no
2022-12-14 16:38:35: Sleeping for 5 seconds... done
2022-12-14 16:38:40: 
2022-12-14 16:38:40: Getting pending page... no
2022-12-14 16:38:40: Sleeping for 5 seconds... done
2022-12-14 16:38:45: 
2022-12-14 16:38:45: Getting pending page... no
2022-12-14 16:38:45: Sleeping for 5 seconds... done
2022-12-14 16:38:50: 
2022-12-14 16:38:50: Getting pending page... no
2022-12-14 16:38:50: Sleeping for 5 seconds... done
2022-12-14 16:38:55: 
2022-12-14 16:38:55: Getting pending page... no
2022-12-14 16:38:55: Sleeping for 5 seconds... 
2022-12-14 17:13:25: Getting pending page... no
2022-12-14 17:13:25: Sleeping for 5 seconds... done
2022-12-14 17:13:30: 
2022-12-14 17:13:30: Getting pending page... no
2022-12-14 17:13:30: Sleeping for 5 seconds... 